;  LST file generated by mikroListExporter - v.2.0 
; Date/Time: 12/29/2019 4:22:07 PM
;----------------------------------------------

;Address Opcode 	ASM
0x0000	0x2AD2      	GOTO       722
_RES032:
;__Lib_MathDouble.c,123 :: 		
;__Lib_MathDouble.c,128 :: 		
0x0003	0x01F2      	CLRF       R2
;__Lib_MathDouble.c,129 :: 		
0x0004	0x01F1      	CLRF       R1
;__Lib_MathDouble.c,130 :: 		
0x0005	0x01F0      	CLRF       R0
;__Lib_MathDouble.c,131 :: 		
0x0006	0x01F8      	CLRF       R8
;__Lib_MathDouble.c,132 :: 		
0x0007	0x01F3      	CLRF       R3
;__Lib_MathDouble.c,133 :: 		
0x0008	0x3000      	MOVLW      0
;__Lib_MathDouble.c,135 :: 		
L_end_RES032:
0x0009	0x0008      	RETURN
; end of _RES032
_SETFUN32:
;__Lib_MathDouble.c,138 :: 		
;__Lib_MathDouble.c,145 :: 		
0x000A	0x157B      	BSF        R11, 2
;__Lib_MathDouble.c,146 :: 		
0x000B	0x1FFB      	BTFSS      R11, 7
;__Lib_MathDouble.c,147 :: 		
0x000C	0x2814      	GOTO       SETFUN32EEE
;__Lib_MathDouble.c,148 :: 		
0x000D	0x3001      	MOVLW      1
;__Lib_MathDouble.c,149 :: 		
0x000E	0x00F3      	MOVWF      R3
;__Lib_MathDouble.c,150 :: 		
0x000F	0x01F2      	CLRF       R2
;__Lib_MathDouble.c,151 :: 		
0x0010	0x01F1      	CLRF       R1
;__Lib_MathDouble.c,152 :: 		
0x0011	0x01F0      	CLRF       R0
;__Lib_MathDouble.c,153 :: 		
0x0012	0x0DFA      	RLF        R10, 1
;__Lib_MathDouble.c,154 :: 		
0x0013	0x0CF2      	RRF        R2, 1
;__Lib_MathDouble.c,155 :: 		
SETFUN32EEE:
;__Lib_MathDouble.c,156 :: 		
0x0014	0x30FF      	MOVLW      255
;__Lib_MathDouble.c,158 :: 		
L_end_SETFUN32:
0x0015	0x0008      	RETURN
; end of _SETFUN32
_FIXSIGN32:
;__Lib_MathDouble.c,112 :: 		
;__Lib_MathDouble.c,116 :: 		
0x0016	0x1FFA      	BTFSS      R10, 7
;__Lib_MathDouble.c,117 :: 		
0x0017	0x13F2      	BCF        R2, 7
;__Lib_MathDouble.c,118 :: 		
0x0018	0x3000      	MOVLW      0
;__Lib_MathDouble.c,120 :: 		
L_end_FIXSIGN32:
0x0019	0x0008      	RETURN
; end of _FIXSIGN32
_Div_8X8_U:
;__Lib_Math.c,189 :: 		
;__Lib_Math.c,196 :: 		
0x001A	0x1283      	BCF        STATUS, 5
;__Lib_Math.c,197 :: 		
0x001B	0x1303      	BCF        STATUS, 6
;__Lib_Math.c,198 :: 		
0x001C	0x01F8      	CLRF       R8
;__Lib_Math.c,199 :: 		
0x001D	0x3008      	MOVLW      8
;__Lib_Math.c,200 :: 		
0x001E	0x00FC      	MOVWF      R12
;__Lib_Math.c,201 :: 		
0x001F	0x0D70      	RLF        R0, 0
;__Lib_Math.c,202 :: 		
0x0020	0x0DF8      	RLF        R8, 1
;__Lib_Math.c,203 :: 		
0x0021	0x0874      	MOVF       R4, 0
;__Lib_Math.c,204 :: 		
0x0022	0x02F8      	SUBWF      R8, 1
;__Lib_Math.c,205 :: 		
0x0023	0x1803      	BTFSC      STATUS, 0
;__Lib_Math.c,206 :: 		
0x0024	0x2827      	GOTO       $+3
;__Lib_Math.c,207 :: 		
0x0025	0x07F8      	ADDWF      R8, 1
;__Lib_Math.c,208 :: 		
0x0026	0x1003      	BCF        STATUS, 0
;__Lib_Math.c,209 :: 		
0x0027	0x0DF0      	RLF        R0, 1
;__Lib_Math.c,210 :: 		
0x0028	0x0BFC      	DECFSZ     R12, 1
;__Lib_Math.c,211 :: 		
0x0029	0x281F      	GOTO       $-10
;__Lib_Math.c,213 :: 		
L_end_Div_8X8_U:
0x002A	0x0008      	RETURN
; end of _Div_8X8_U
_Delay_22us:
;__Lib_Delays.c,15 :: 		void Delay_22us() {
;__Lib_Delays.c,16 :: 		Delay_us(22);
0x002B	0x300E      	MOVLW      14
0x002C	0x1283      	BCF        STATUS, 5
0x002D	0x1303      	BCF        STATUS, 6
0x002E	0x00FD      	MOVWF      R13
L_Delay_22us1:
0x002F	0x0BFD      	DECFSZ     R13, 1
0x0030	0x282F      	GOTO       L_Delay_22us1
0x0031	0x0000      	NOP
;__Lib_Delays.c,17 :: 		}
L_end_Delay_22us:
0x0032	0x0008      	RETURN
; end of _Delay_22us
_SETFDZ32:
;__Lib_MathDouble.c,102 :: 		
;__Lib_MathDouble.c,105 :: 		
0x0033	0x15FB      	BSF        R11, 3
;__Lib_MathDouble.c,106 :: 		
0x0034	0x30FF      	MOVLW      255
;__Lib_MathDouble.c,108 :: 		
L_end_SETFDZ32:
0x0035	0x0008      	RETURN
; end of _SETFDZ32
_SETIOV3224:
;__Lib_MathDouble.c,1000 :: 		
;__Lib_MathDouble.c,1006 :: 		
0x0036	0x147B      	BSF        R11, 0
;__Lib_MathDouble.c,1007 :: 		
0x0037	0x1FFB      	BTFSS      R11, 7
;__Lib_MathDouble.c,1008 :: 		
0x0038	0x2841      	GOTO       SETIOV3224EEE
;__Lib_MathDouble.c,1010 :: 		
0x0039	0x01F2      	CLRF       R2
;__Lib_MathDouble.c,1011 :: 		
0x003A	0x1FFA      	BTFSS      R10, 7
;__Lib_MathDouble.c,1012 :: 		
0x003B	0x30FF      	MOVLW      255
;__Lib_MathDouble.c,1013 :: 		
0x003C	0x00F2      	MOVWF      R2
;__Lib_MathDouble.c,1014 :: 		
0x003D	0x00F1      	MOVWF      R1
;__Lib_MathDouble.c,1015 :: 		
0x003E	0x00F0      	MOVWF      R0
;__Lib_MathDouble.c,1016 :: 		
0x003F	0x0DFA      	RLF        R10, 1
;__Lib_MathDouble.c,1017 :: 		
0x0040	0x0CF2      	RRF        R2, 1
;__Lib_MathDouble.c,1018 :: 		
SETIOV3224EEE:
;__Lib_MathDouble.c,1019 :: 		
0x0041	0x30FF      	MOVLW      255
;__Lib_MathDouble.c,1021 :: 		
L_end_SETIOV3224:
0x0042	0x0008      	RETURN
; end of _SETIOV3224
_SETFOV32:
;__Lib_MathDouble.c,79 :: 		
;__Lib_MathDouble.c,86 :: 		
0x0043	0x14FB      	BSF        R11, 1
;__Lib_MathDouble.c,87 :: 		
0x0044	0x1FFB      	BTFSS      R11, 7
;__Lib_MathDouble.c,88 :: 		
0x0045	0x284D      	GOTO       SETFOV32EEE
;__Lib_MathDouble.c,89 :: 		
0x0046	0x30FF      	MOVLW      255
;__Lib_MathDouble.c,90 :: 		
0x0047	0x00F3      	MOVWF      R3
;__Lib_MathDouble.c,91 :: 		
0x0048	0x00F2      	MOVWF      R2
;__Lib_MathDouble.c,92 :: 		
0x0049	0x00F1      	MOVWF      R1
;__Lib_MathDouble.c,93 :: 		
0x004A	0x00F0      	MOVWF      R0
;__Lib_MathDouble.c,94 :: 		
0x004B	0x0DFA      	RLF        R10, 1
;__Lib_MathDouble.c,95 :: 		
0x004C	0x0CF2      	RRF        R2, 1
;__Lib_MathDouble.c,96 :: 		
SETFOV32EEE:
;__Lib_MathDouble.c,97 :: 		
0x004D	0x30FF      	MOVLW      255
;__Lib_MathDouble.c,99 :: 		
L_end_SETFOV32:
0x004E	0x0008      	RETURN
; end of _SETFOV32
_UART1_Write:
;__Lib_UART_c67.c,39 :: 		
;__Lib_UART_c67.c,40 :: 		
L_UART1_Write3:
0x004F	0x1683      	BSF        STATUS, 5
0x0050	0x1303      	BCF        STATUS, 6
0x0051	0x1898      	BTFSC      TXSTA, 1
0x0052	0x2855      	GOTO       L_UART1_Write4
;__Lib_UART_c67.c,41 :: 		
0x0053	0x0000      	NOP
0x0054	0x284F      	GOTO       L_UART1_Write3
L_UART1_Write4:
;__Lib_UART_c67.c,42 :: 		
0x0055	0x0835      	MOVF       FARG_UART1_Write_data_, 0
0x0056	0x1283      	BCF        STATUS, 5
0x0057	0x0099      	MOVWF      TXREG
;__Lib_UART_c67.c,43 :: 		
L_end_UART1_Write:
0x0058	0x0008      	RETURN
; end of _UART1_Write
_____DoICP:
;__Lib_System.c,6 :: 		
;__Lib_System.c,9 :: 		
0x0059	0x1683      	BSF        STATUS, 5
0x005A	0x1303      	BCF        STATUS, 6
0x005B	0x0831      	MOVF       ___DoICPAddr+1, 0
0x005C	0x008A      	MOVWF      PCLATH
;__Lib_System.c,10 :: 		
0x005D	0x0830      	MOVF       ___DoICPAddr, 0
0x005E	0x0082      	MOVWF      PCL
;__Lib_System.c,12 :: 		
L_end_____DoICP:
0x005F	0x0008      	RETURN
; end of _____DoICP
_NRM3232:
;__Lib_MathDouble.c,167 :: 		
;__Lib_MathDouble.c,173 :: 		
;__Lib_MathDouble.c,175 :: 		
0x0060	0x01A0      	CLRF       __math_tempbD
;__Lib_MathDouble.c,176 :: 		
0x0061	0x0872      	MOVF       R2, 0
;__Lib_MathDouble.c,177 :: 		
0x0062	0x1D03      	BTFSS      STATUS, 2
;__Lib_MathDouble.c,178 :: 		
0x0063	0x2875      	GOTO       NORM3232
;__Lib_MathDouble.c,179 :: 		
0x0064	0x0871      	MOVF       R1, 0
;__Lib_MathDouble.c,180 :: 		
0x0065	0x00F2      	MOVWF      R2
;__Lib_MathDouble.c,181 :: 		
0x0066	0x0870      	MOVF       R0, 0
;__Lib_MathDouble.c,182 :: 		
0x0067	0x00F1      	MOVWF      R1
;__Lib_MathDouble.c,183 :: 		
0x0068	0x01F0      	CLRF       R0
;__Lib_MathDouble.c,184 :: 		
0x0069	0x15A0      	BSF        __math_tempbD, 3
;__Lib_MathDouble.c,186 :: 		
0x006A	0x0872      	MOVF       R2, 0
;__Lib_MathDouble.c,187 :: 		
0x006B	0x1D03      	BTFSS      STATUS, 2
;__Lib_MathDouble.c,188 :: 		
0x006C	0x2875      	GOTO       NORM3232
;__Lib_MathDouble.c,189 :: 		
0x006D	0x0871      	MOVF       R1, 0
;__Lib_MathDouble.c,190 :: 		
0x006E	0x00F2      	MOVWF      R2
;__Lib_MathDouble.c,191 :: 		
0x006F	0x01F1      	CLRF       R1
;__Lib_MathDouble.c,192 :: 		
0x0070	0x11A0      	BCF        __math_tempbD, 3
;__Lib_MathDouble.c,193 :: 		
0x0071	0x1620      	BSF        __math_tempbD, 4
;__Lib_MathDouble.c,195 :: 		
0x0072	0x0872      	MOVF       R2, 0
;__Lib_MathDouble.c,196 :: 		
0x0073	0x1903      	BTFSC      STATUS, 2
;__Lib_MathDouble.c,197 :: 		
0x0074	0x2883      	GOTO       JPNRES032
;__Lib_MathDouble.c,198 :: 		
NORM3232:
;__Lib_MathDouble.c,199 :: 		
0x0075	0x0820      	MOVF       __math_tempbD, 0
;__Lib_MathDouble.c,200 :: 		
0x0076	0x02F3      	SUBWF      R3, 1
;__Lib_MathDouble.c,201 :: 		
0x0077	0x1D03      	BTFSS      STATUS, 2
;__Lib_MathDouble.c,202 :: 		
0x0078	0x1C03      	BTFSS      STATUS, 0
;__Lib_MathDouble.c,203 :: 		
0x0079	0x2887      	GOTO       JPNSETFUN32
;__Lib_MathDouble.c,204 :: 		
0x007A	0x1003      	BCF        STATUS, 0
;__Lib_MathDouble.c,205 :: 		
NORM3232A:
;__Lib_MathDouble.c,206 :: 		
0x007B	0x1BF2      	BTFSC      R2, 7
;__Lib_MathDouble.c,207 :: 		
0x007C	0x288B      	GOTO       JMPNFIXSIGN32
;__Lib_MathDouble.c,208 :: 		
0x007D	0x0DF0      	RLF        R0, 1
;__Lib_MathDouble.c,209 :: 		
0x007E	0x0DF1      	RLF        R1, 1
;__Lib_MathDouble.c,210 :: 		
0x007F	0x0DF2      	RLF        R2, 1
;__Lib_MathDouble.c,211 :: 		
0x0080	0x0BF3      	DECFSZ     R3, 1
;__Lib_MathDouble.c,212 :: 		
0x0081	0x287B      	GOTO       NORM3232A
;__Lib_MathDouble.c,213 :: 		
0x0082	0x2887      	GOTO       JPNSETFUN32
;__Lib_MathDouble.c,214 :: 		
JPNRES032:
;__Lib_MathDouble.c,215 :: 		
0x0083	0x3001      	MOVLW      1
;__Lib_MathDouble.c,216 :: 		
0x0084	0x00FC      	MOVWF      R12
;__Lib_MathDouble.c,218 :: 		
0x0085	0x2003      	CALL       _RES032
;__Lib_MathDouble.c,220 :: 		
0x0086	0x288E      	GOTO       NORM32EEE
;__Lib_MathDouble.c,221 :: 		
JPNSETFUN32:
;__Lib_MathDouble.c,222 :: 		
0x0087	0x3002      	MOVLW      2
;__Lib_MathDouble.c,223 :: 		
0x0088	0x00FC      	MOVWF      R12
;__Lib_MathDouble.c,225 :: 		
0x0089	0x200A      	CALL       _SETFUN32
;__Lib_MathDouble.c,227 :: 		
0x008A	0x288E      	GOTO       NORM32EEE
;__Lib_MathDouble.c,228 :: 		
JMPNFIXSIGN32:
;__Lib_MathDouble.c,229 :: 		
0x008B	0x3004      	MOVLW      4
;__Lib_MathDouble.c,230 :: 		
0x008C	0x00FC      	MOVWF      R12
;__Lib_MathDouble.c,232 :: 		
0x008D	0x2016      	CALL       _FIXSIGN32
;__Lib_MathDouble.c,234 :: 		
NORM32EEE:
;__Lib_MathDouble.c,236 :: 		
L_end_NRM3232:
0x008E	0x0008      	RETURN
; end of _NRM3232
_Mul_32x32_FP:
;__Lib_MathDouble.c,610 :: 		
;__Lib_MathDouble.c,622 :: 		
;__Lib_MathDouble.c,624 :: 		
0x008F	0x1283      	BCF        STATUS, 5
;__Lib_MathDouble.c,625 :: 		
0x0090	0x1303      	BCF        STATUS, 6
;__Lib_MathDouble.c,627 :: 		
0x0091	0x01FB      	CLRF       R11
;__Lib_MathDouble.c,628 :: 		
0x0092	0x0873      	MOVF       R3, 0
;__Lib_MathDouble.c,629 :: 		
0x0093	0x1D03      	BTFSS      STATUS, 2
;__Lib_MathDouble.c,630 :: 		
0x0094	0x0877      	MOVF       R7, 0
;__Lib_MathDouble.c,631 :: 		
0x0095	0x1903      	BTFSC      STATUS, 2
;__Lib_MathDouble.c,632 :: 		
0x0096	0x28E6      	GOTO       JPMRES032
;__Lib_MathDouble.c,634 :: 		
0x0097	0x0872      	MOVF       R2, 0
;__Lib_MathDouble.c,635 :: 		
0x0098	0x0676      	XORWF      R6, 0
;__Lib_MathDouble.c,636 :: 		
0x0099	0x00FA      	MOVWF      R10
;__Lib_MathDouble.c,637 :: 		
0x009A	0x0877      	MOVF       R7, 0
;__Lib_MathDouble.c,638 :: 		
0x009B	0x07F3      	ADDWF      R3, 1
;__Lib_MathDouble.c,639 :: 		
0x009C	0x307E      	MOVLW      126
;__Lib_MathDouble.c,640 :: 		
0x009D	0x1C03      	BTFSS      STATUS, 0
;__Lib_MathDouble.c,641 :: 		
0x009E	0x28A3      	GOTO       MTUN32
;__Lib_MathDouble.c,642 :: 		
0x009F	0x02F3      	SUBWF      R3, 1
;__Lib_MathDouble.c,643 :: 		
0x00A0	0x1803      	BTFSC      STATUS, 0
;__Lib_MathDouble.c,644 :: 		
0x00A1	0x28E9      	GOTO       JPMSETFOV32
;__Lib_MathDouble.c,645 :: 		
0x00A2	0x28A6      	GOTO       MOK32
;__Lib_MathDouble.c,646 :: 		
MTUN32:
;__Lib_MathDouble.c,647 :: 		
0x00A3	0x02F3      	SUBWF      R3, 1
;__Lib_MathDouble.c,648 :: 		
0x00A4	0x1C03      	BTFSS      STATUS, 0
;__Lib_MathDouble.c,649 :: 		
0x00A5	0x28EC      	GOTO       JPMSETFUN32
;__Lib_MathDouble.c,650 :: 		
MOK32:
;__Lib_MathDouble.c,651 :: 		
0x00A6	0x0872      	MOVF       R2, 0
;__Lib_MathDouble.c,652 :: 		
0x00A7	0x00F8      	MOVWF      R8
;__Lib_MathDouble.c,653 :: 		
0x00A8	0x0871      	MOVF       R1, 0
;__Lib_MathDouble.c,654 :: 		
0x00A9	0x00FC      	MOVWF      R12
;__Lib_MathDouble.c,655 :: 		
0x00AA	0x0870      	MOVF       R0, 0
;__Lib_MathDouble.c,656 :: 		
0x00AB	0x00FD      	MOVWF      R13
;__Lib_MathDouble.c,657 :: 		
0x00AC	0x17F8      	BSF        R8, 7
;__Lib_MathDouble.c,658 :: 		
0x00AD	0x17F6      	BSF        R6, 7
;__Lib_MathDouble.c,659 :: 		
0x00AE	0x1003      	BCF        STATUS, 0
;__Lib_MathDouble.c,660 :: 		
0x00AF	0x01F2      	CLRF       R2
;__Lib_MathDouble.c,661 :: 		
0x00B0	0x01F1      	CLRF       R1
;__Lib_MathDouble.c,662 :: 		
0x00B1	0x01F0      	CLRF       R0
;__Lib_MathDouble.c,663 :: 		
0x00B2	0x3018      	MOVLW      24
;__Lib_MathDouble.c,664 :: 		
0x00B3	0x00A0      	MOVWF      __math_tempbD
;__Lib_MathDouble.c,665 :: 		
MLOOP32:
;__Lib_MathDouble.c,666 :: 		
0x00B4	0x1C7D      	BTFSS      R13, 0
;__Lib_MathDouble.c,667 :: 		
0x00B5	0x28C0      	GOTO       MNOADD32
;__Lib_MathDouble.c,669 :: 		
0x00B6	0x0874      	MOVF       R4, 0
;__Lib_MathDouble.c,670 :: 		
0x00B7	0x07F0      	ADDWF      R0, 1
;__Lib_MathDouble.c,671 :: 		
0x00B8	0x0875      	MOVF       R5, 0
;__Lib_MathDouble.c,672 :: 		
0x00B9	0x1803      	BTFSC      STATUS, 0
;__Lib_MathDouble.c,673 :: 		
0x00BA	0x0F75      	INCFSZ     R5, 0
;__Lib_MathDouble.c,674 :: 		
0x00BB	0x07F1      	ADDWF      R1, 1
;__Lib_MathDouble.c,675 :: 		
0x00BC	0x0876      	MOVF       R6, 0
;__Lib_MathDouble.c,676 :: 		
0x00BD	0x1803      	BTFSC      STATUS, 0
;__Lib_MathDouble.c,677 :: 		
0x00BE	0x0F76      	INCFSZ     R6, 0
;__Lib_MathDouble.c,678 :: 		
0x00BF	0x07F2      	ADDWF      R2, 1
;__Lib_MathDouble.c,679 :: 		
MNOADD32:
;__Lib_MathDouble.c,680 :: 		
0x00C0	0x0CF2      	RRF        R2, 1
;__Lib_MathDouble.c,681 :: 		
0x00C1	0x0CF1      	RRF        R1, 1
;__Lib_MathDouble.c,682 :: 		
0x00C2	0x0CF0      	RRF        R0, 1
;__Lib_MathDouble.c,683 :: 		
0x00C3	0x0CF8      	RRF        R8, 1
;__Lib_MathDouble.c,684 :: 		
0x00C4	0x0CFC      	RRF        R12, 1
;__Lib_MathDouble.c,685 :: 		
0x00C5	0x0CFD      	RRF        R13, 1
;__Lib_MathDouble.c,686 :: 		
0x00C6	0x1003      	BCF        STATUS, 0
;__Lib_MathDouble.c,687 :: 		
0x00C7	0x0BA0      	DECFSZ     __math_tempbD, 1
;__Lib_MathDouble.c,688 :: 		
0x00C8	0x28B4      	GOTO       MLOOP32
;__Lib_MathDouble.c,689 :: 		
0x00C9	0x1BF2      	BTFSC      R2, 7
;__Lib_MathDouble.c,690 :: 		
0x00CA	0x28D0      	GOTO       MROUND32
;__Lib_MathDouble.c,691 :: 		
0x00CB	0x0DF8      	RLF        R8, 1
;__Lib_MathDouble.c,692 :: 		
0x00CC	0x0DF0      	RLF        R0, 1
;__Lib_MathDouble.c,693 :: 		
0x00CD	0x0DF1      	RLF        R1, 1
;__Lib_MathDouble.c,694 :: 		
0x00CE	0x0DF2      	RLF        R2, 1
;__Lib_MathDouble.c,695 :: 		
0x00CF	0x03F3      	DECF       R3, 1
;__Lib_MathDouble.c,696 :: 		
MROUND32:
;__Lib_MathDouble.c,697 :: 		
0x00D0	0x1B7B      	BTFSC      R11, 6
;__Lib_MathDouble.c,698 :: 		
0x00D1	0x1C70      	BTFSS      R0, 0
;__Lib_MathDouble.c,699 :: 		
0x00D2	0x28E2      	GOTO       MUL32OK
;__Lib_MathDouble.c,700 :: 		
0x00D3	0x1FF8      	BTFSS      R8, 7
;__Lib_MathDouble.c,701 :: 		
0x00D4	0x28E2      	GOTO       MUL32OK
;__Lib_MathDouble.c,702 :: 		
0x00D5	0x0AF0      	INCF       R0, 1
;__Lib_MathDouble.c,703 :: 		
0x00D6	0x1903      	BTFSC      STATUS, 2
;__Lib_MathDouble.c,704 :: 		
0x00D7	0x0AF1      	INCF       R1, 1
;__Lib_MathDouble.c,705 :: 		
0x00D8	0x1903      	BTFSC      STATUS, 2
;__Lib_MathDouble.c,706 :: 		
0x00D9	0x0AF2      	INCF       R2, 1
;__Lib_MathDouble.c,707 :: 		
0x00DA	0x1D03      	BTFSS      STATUS, 2
;__Lib_MathDouble.c,708 :: 		
0x00DB	0x28E2      	GOTO       MUL32OK
;__Lib_MathDouble.c,709 :: 		
0x00DC	0x0CF2      	RRF        R2, 1
;__Lib_MathDouble.c,710 :: 		
0x00DD	0x0CF1      	RRF        R1, 1
;__Lib_MathDouble.c,711 :: 		
0x00DE	0x0CF0      	RRF        R0, 1
;__Lib_MathDouble.c,712 :: 		
0x00DF	0x0AF3      	INCF       R3, 1
;__Lib_MathDouble.c,713 :: 		
0x00E0	0x1903      	BTFSC      STATUS, 2
;__Lib_MathDouble.c,714 :: 		
0x00E1	0x28E9      	GOTO       JPMSETFOV32
;__Lib_MathDouble.c,715 :: 		
MUL32OK:
;__Lib_MathDouble.c,716 :: 		
0x00E2	0x1FFA      	BTFSS      R10, 7
;__Lib_MathDouble.c,717 :: 		
0x00E3	0x13F2      	BCF        R2, 7
;__Lib_MathDouble.c,718 :: 		
0x00E4	0x3000      	MOVLW      0
;__Lib_MathDouble.c,720 :: 		
0x00E5	0x28EE      	GOTO       MUL32EEE
;__Lib_MathDouble.c,721 :: 		
JPMRES032:
;__Lib_MathDouble.c,722 :: 		
0x00E6	0x3001      	MOVLW      1
;__Lib_MathDouble.c,725 :: 		
0x00E7	0x2003      	CALL       _RES032
;__Lib_MathDouble.c,727 :: 		
0x00E8	0x28EE      	GOTO       MUL32EEE
;__Lib_MathDouble.c,728 :: 		
JPMSETFOV32:
;__Lib_MathDouble.c,729 :: 		
0x00E9	0x3002      	MOVLW      2
;__Lib_MathDouble.c,732 :: 		
0x00EA	0x2043      	CALL       _SETFOV32
;__Lib_MathDouble.c,734 :: 		
0x00EB	0x28EE      	GOTO       MUL32EEE
;__Lib_MathDouble.c,735 :: 		
JPMSETFUN32:
;__Lib_MathDouble.c,736 :: 		
0x00EC	0x3004      	MOVLW      4
;__Lib_MathDouble.c,739 :: 		
0x00ED	0x200A      	CALL       _SETFUN32
;__Lib_MathDouble.c,741 :: 		
MUL32EEE:
;__Lib_MathDouble.c,742 :: 		
0x00EE	0x0000      	NOP
;__Lib_MathDouble.c,749 :: 		
L_end_Mul_32x32_FP:
0x00EF	0x0008      	RETURN
; end of _Mul_32x32_FP
_word2double:
;__Lib_MathDouble.c,1862 :: 		
;__Lib_MathDouble.c,1868 :: 		
0x00F0	0x1283      	BCF        STATUS, 5
;__Lib_MathDouble.c,1869 :: 		
0x00F1	0x1303      	BCF        STATUS, 6
;__Lib_MathDouble.c,1870 :: 		
0x00F2	0x0870      	MOVF       R0, 0
;__Lib_MathDouble.c,1871 :: 		
0x00F3	0x00F8      	MOVWF      R8
;__Lib_MathDouble.c,1872 :: 		
0x00F4	0x0871      	MOVF       R1, 0
;__Lib_MathDouble.c,1873 :: 		
0x00F5	0x00F0      	MOVWF      R0
;__Lib_MathDouble.c,1874 :: 		
0x00F6	0x01F1      	CLRF       R1
;__Lib_MathDouble.c,1875 :: 		
0x00F7	0x01F2      	CLRF       R2
;__Lib_MathDouble.c,1876 :: 		
0x00F8	0x01F3      	CLRF       R3
;__Lib_MathDouble.c,1879 :: 		
0x00F9	0x01FB      	CLRF       R11
;__Lib_MathDouble.c,1880 :: 		
0x00FA	0x01FC      	CLRF       R12
;__Lib_MathDouble.c,1882 :: 		
0x00FB	0x3096      	MOVLW      150
;__Lib_MathDouble.c,1883 :: 		
0x00FC	0x00F3      	MOVWF      R3
;__Lib_MathDouble.c,1884 :: 		
0x00FD	0x01FA      	CLRF       R10
;__Lib_MathDouble.c,1886 :: 		
0x00FE	0x0870      	MOVF       R0, 0
;__Lib_MathDouble.c,1887 :: 		
0x00FF	0x00F1      	MOVWF      R1
;__Lib_MathDouble.c,1888 :: 		
0x0100	0x0878      	MOVF       R8, 0
;__Lib_MathDouble.c,1889 :: 		
0x0101	0x00F0      	MOVWF      R0
;__Lib_MathDouble.c,1890 :: 		
0x0102	0x01F8      	CLRF       R8
;__Lib_MathDouble.c,1891 :: 		
0x0103	0x01F2      	CLRF       R2
;__Lib_MathDouble.c,1893 :: 		
0x0104	0x2060      	CALL       _NRM3232
;__Lib_MathDouble.c,1894 :: 		
L_end_word2double:
0x0105	0x0008      	RETURN
; end of _word2double
_UART1_Write_Text:
;__Lib_UART_c67.c,47 :: 		
;__Lib_UART_c67.c,48 :: 		
0x0106	0x1683      	BSF        STATUS, 5
0x0107	0x1303      	BCF        STATUS, 6
0x0108	0x01B3      	CLRF       UART1_Write_Text_counter_L0
;__Lib_UART_c67.c,50 :: 		
0x0109	0x1283      	BCF        STATUS, 5
0x010A	0x086F      	MOVF       FARG_UART1_Write_Text_uart_text, 0
0x010B	0x0084      	MOVWF      FSR
0x010C	0x0800      	MOVF       INDF, 0
0x010D	0x1683      	BSF        STATUS, 5
0x010E	0x00B2      	MOVWF      UART1_Write_Text_data__L0
;__Lib_UART_c67.c,51 :: 		
L_UART1_Write_Text5:
0x010F	0x0832      	MOVF       UART1_Write_Text_data__L0, 0
0x0110	0x3A00      	XORLW      0
0x0111	0x1903      	BTFSC      STATUS, 2
0x0112	0x2920      	GOTO       L_UART1_Write_Text6
;__Lib_UART_c67.c,52 :: 		
0x0113	0x0832      	MOVF       UART1_Write_Text_data__L0, 0
0x0114	0x00B5      	MOVWF      FARG_UART1_Write_data_
0x0115	0x204F      	CALL       _UART1_Write
;__Lib_UART_c67.c,53 :: 		
0x0116	0x1683      	BSF        STATUS, 5
0x0117	0x0AB3      	INCF       UART1_Write_Text_counter_L0, 1
;__Lib_UART_c67.c,54 :: 		
0x0118	0x0833      	MOVF       UART1_Write_Text_counter_L0, 0
0x0119	0x1283      	BCF        STATUS, 5
0x011A	0x076F      	ADDWF      FARG_UART1_Write_Text_uart_text, 0
0x011B	0x0084      	MOVWF      FSR
0x011C	0x0800      	MOVF       INDF, 0
0x011D	0x1683      	BSF        STATUS, 5
0x011E	0x00B2      	MOVWF      UART1_Write_Text_data__L0
;__Lib_UART_c67.c,55 :: 		
0x011F	0x290F      	GOTO       L_UART1_Write_Text5
L_UART1_Write_Text6:
;__Lib_UART_c67.c,56 :: 		
L_end_UART1_Write_Text:
0x0120	0x0008      	RETURN
; end of _UART1_Write_Text
_double2byte:
;__Lib_MathDouble.c,1670 :: 		
;__Lib_MathDouble.c,1677 :: 		
0x0121	0x1283      	BCF        STATUS, 5
;__Lib_MathDouble.c,1678 :: 		
0x0122	0x1303      	BCF        STATUS, 6
;__Lib_MathDouble.c,1680 :: 		
0x0123	0x01FB      	CLRF       R11
;__Lib_MathDouble.c,1681 :: 		
0x0124	0x01FC      	CLRF       R12
;__Lib_MathDouble.c,1682 :: 		
0x0125	0x01FA      	CLRF       R10
;__Lib_MathDouble.c,1684 :: 		
0x0126	0x0873      	MOVF       R3, 0
;__Lib_MathDouble.c,1685 :: 		
0x0127	0x1903      	BTFSC      STATUS, 2
;__Lib_MathDouble.c,1686 :: 		
0x0128	0x294E      	GOTO       IRES008
;__Lib_MathDouble.c,1688 :: 		
0x0129	0x13FA      	BCF        R10, 7
;__Lib_MathDouble.c,1689 :: 		
0x012A	0x17F2      	BSF        R2, 7
;__Lib_MathDouble.c,1691 :: 		
0x012B	0x3086      	MOVLW      134
;__Lib_MathDouble.c,1692 :: 		
0x012C	0x02F3      	SUBWF      R3, 1
;__Lib_MathDouble.c,1693 :: 		
0x012D	0x1BF3      	BTFSC      R3, 7
;__Lib_MathDouble.c,1694 :: 		
0x012E	0x2932      	GOTO       SETEXP08
;__Lib_MathDouble.c,1695 :: 		
0x012F	0x1903      	BTFSC      STATUS, 2
;__Lib_MathDouble.c,1696 :: 		
0x0130	0x2932      	GOTO       SETEXP08
;__Lib_MathDouble.c,1697 :: 		
0x0131	0x2950      	GOTO       SETIOV08
;__Lib_MathDouble.c,1698 :: 		
SETEXP08:
;__Lib_MathDouble.c,1699 :: 		
0x0132	0x09F3      	COMF       R3, 1
;__Lib_MathDouble.c,1700 :: 		
0x0133	0x0AF3      	INCF       R3, 1
;__Lib_MathDouble.c,1702 :: 		
0x0134	0x3008      	MOVLW      8
;__Lib_MathDouble.c,1703 :: 		
0x0135	0x0273      	SUBWF      R3, 0
;__Lib_MathDouble.c,1704 :: 		
0x0136	0x1C03      	BTFSS      STATUS, 0
;__Lib_MathDouble.c,1705 :: 		
0x0137	0x293F      	GOTO       TSHIFT3208
;__Lib_MathDouble.c,1706 :: 		
0x0138	0x00F3      	MOVWF      R3
;__Lib_MathDouble.c,1707 :: 		
0x0139	0x0DF2      	RLF        R2, 1
;__Lib_MathDouble.c,1708 :: 		
0x013A	0x01F2      	CLRF       R2
;__Lib_MathDouble.c,1710 :: 		
0x013B	0x0873      	MOVF       R3, 0
;__Lib_MathDouble.c,1711 :: 		
0x013C	0x1D03      	BTFSS      STATUS, 2
;__Lib_MathDouble.c,1712 :: 		
0x013D	0x1003      	BCF        STATUS, 0
;__Lib_MathDouble.c,1713 :: 		
0x013E	0x2946      	GOTO       SHIFT3208OK
;__Lib_MathDouble.c,1714 :: 		
TSHIFT3208:
;__Lib_MathDouble.c,1715 :: 		
0x013F	0x0873      	MOVF       R3, 0
;__Lib_MathDouble.c,1716 :: 		
0x0140	0x1903      	BTFSC      STATUS, 2
;__Lib_MathDouble.c,1717 :: 		
0x0141	0x2946      	GOTO       SHIFT3208OK
;__Lib_MathDouble.c,1718 :: 		
SHIFT3208:
;__Lib_MathDouble.c,1719 :: 		
0x0142	0x1003      	BCF        STATUS, 0
;__Lib_MathDouble.c,1720 :: 		
0x0143	0x0CF2      	RRF        R2, 1
;__Lib_MathDouble.c,1721 :: 		
0x0144	0x0BF3      	DECFSZ     R3, 1
;__Lib_MathDouble.c,1722 :: 		
0x0145	0x2942      	GOTO       SHIFT3208
;__Lib_MathDouble.c,1723 :: 		
SHIFT3208OK:
;__Lib_MathDouble.c,1724 :: 		
0x0146	0x1B7B      	BTFSC      R11, 6
;__Lib_MathDouble.c,1725 :: 		
0x0147	0x1C72      	BTFSS      R2, 0
;__Lib_MathDouble.c,1726 :: 		
0x0148	0x294E      	GOTO       INT3208OK
;__Lib_MathDouble.c,1727 :: 		
0x0149	0x1C03      	BTFSS      STATUS, 0
;__Lib_MathDouble.c,1728 :: 		
0x014A	0x294E      	GOTO       INT3208OK
;__Lib_MathDouble.c,1729 :: 		
0x014B	0x0AF2      	INCF       R2, 1
;__Lib_MathDouble.c,1730 :: 		
0x014C	0x1903      	BTFSC      STATUS, 2
;__Lib_MathDouble.c,1731 :: 		
0x014D	0x2955      	GOTO       D2B_JPKSETIOV3224
;__Lib_MathDouble.c,1732 :: 		
INT3208OK:
;__Lib_MathDouble.c,1733 :: 		
IRES008:
;__Lib_MathDouble.c,1734 :: 		
0x014E	0x01F1      	CLRF       R1
;__Lib_MathDouble.c,1735 :: 		
0x014F	0x2958      	GOTO       INT3208EOK
;__Lib_MathDouble.c,1736 :: 		
SETIOV08:
;__Lib_MathDouble.c,1737 :: 		
0x0150	0x147B      	BSF        R11, 0
;__Lib_MathDouble.c,1738 :: 		
0x0151	0x1FFB      	BTFSS      R11, 7
;__Lib_MathDouble.c,1739 :: 		
0x0152	0x295B      	GOTO       INT3208EER
;__Lib_MathDouble.c,1741 :: 		
0x0153	0x01F1      	CLRF       R1
;__Lib_MathDouble.c,1742 :: 		
0x0154	0x295B      	GOTO       INT3208EER
;__Lib_MathDouble.c,1743 :: 		
D2B_JPKSETIOV3224:
;__Lib_MathDouble.c,1744 :: 		
0x0155	0x3001      	MOVLW      1
;__Lib_MathDouble.c,1745 :: 		
0x0156	0x00FC      	MOVWF      R12
;__Lib_MathDouble.c,1746 :: 		
0x0157	0x295D      	GOTO       INT3208EEE
;__Lib_MathDouble.c,1747 :: 		
INT3208EOK:
;__Lib_MathDouble.c,1748 :: 		
0x0158	0x3000      	MOVLW      0
;__Lib_MathDouble.c,1749 :: 		
0x0159	0x00FC      	MOVWF      R12
;__Lib_MathDouble.c,1750 :: 		
0x015A	0x295D      	GOTO       INT3208EEE
;__Lib_MathDouble.c,1751 :: 		
INT3208EER:
;__Lib_MathDouble.c,1752 :: 		
0x015B	0x30FF      	MOVLW      255
;__Lib_MathDouble.c,1753 :: 		
0x015C	0x00FC      	MOVWF      R12
;__Lib_MathDouble.c,1754 :: 		
INT3208EEE:
;__Lib_MathDouble.c,1757 :: 		
0x015D	0x08FC      	MOVF       R12, 1
;__Lib_MathDouble.c,1759 :: 		
0x015E	0x1903      	BTFSC      STATUS, 2
;__Lib_MathDouble.c,1760 :: 		
0x015F	0x2961      	GOTO       L_Double2Byte_0
;__Lib_MathDouble.c,1762 :: 		
0x0160	0x2036      	CALL       _SETIOV3224
;__Lib_MathDouble.c,1764 :: 		
L_Double2Byte_0:
;__Lib_MathDouble.c,1765 :: 		
0x0161	0x0872      	MOVF       R2, 0
;__Lib_MathDouble.c,1766 :: 		
0x0162	0x00F0      	MOVWF      R0
;__Lib_MathDouble.c,1770 :: 		
L_end_double2byte:
0x0163	0x0008      	RETURN
; end of _double2byte
_strcat:
;__Lib_CString.c,87 :: 		
;__Lib_CString.c,90 :: 		
0x0164	0x1683      	BSF        STATUS, 5
0x0165	0x1303      	BCF        STATUS, 6
0x0166	0x0832      	MOVF       FARG_strcat_to, 0
0x0167	0x00F2      	MOVWF      R2
;__Lib_CString.c,91 :: 		
L_strcat22:
0x0168	0x0872      	MOVF       R2, 0
0x0169	0x0084      	MOVWF      FSR
0x016A	0x0800      	MOVF       INDF, 0
0x016B	0x1903      	BTFSC      STATUS, 2
0x016C	0x296F      	GOTO       L_strcat23
;__Lib_CString.c,92 :: 		
0x016D	0x0AF2      	INCF       R2, 1
0x016E	0x2968      	GOTO       L_strcat22
L_strcat23:
;__Lib_CString.c,93 :: 		
L_strcat24:
0x016F	0x0872      	MOVF       R2, 0
0x0170	0x00F1      	MOVWF      R1
0x0171	0x0AF2      	INCF       R2, 1
0x0172	0x0833      	MOVF       FARG_strcat_from, 0
0x0173	0x00F0      	MOVWF      R0
0x0174	0x0AB3      	INCF       FARG_strcat_from, 1
0x0175	0x0870      	MOVF       R0, 0
0x0176	0x0084      	MOVWF      FSR
0x0177	0x0800      	MOVF       INDF, 0
0x0178	0x00F0      	MOVWF      R0
0x0179	0x0871      	MOVF       R1, 0
0x017A	0x0084      	MOVWF      FSR
0x017B	0x0870      	MOVF       R0, 0
0x017C	0x0080      	MOVWF      INDF
0x017D	0x0871      	MOVF       R1, 0
0x017E	0x0084      	MOVWF      FSR
0x017F	0x0800      	MOVF       INDF, 0
0x0180	0x1903      	BTFSC      STATUS, 2
0x0181	0x2983      	GOTO       L_strcat25
;__Lib_CString.c,94 :: 		
0x0182	0x296F      	GOTO       L_strcat24
L_strcat25:
;__Lib_CString.c,95 :: 		
0x0183	0x0832      	MOVF       FARG_strcat_to, 0
0x0184	0x00F0      	MOVWF      R0
;__Lib_CString.c,96 :: 		
L_end_strcat:
0x0185	0x0008      	RETURN
; end of _strcat
_strcpy:
;__Lib_CString.c,126 :: 		
;__Lib_CString.c,129 :: 		
0x0186	0x1683      	BSF        STATUS, 5
0x0187	0x1303      	BCF        STATUS, 6
0x0188	0x0832      	MOVF       FARG_strcpy_to, 0
0x0189	0x00F2      	MOVWF      R2
;__Lib_CString.c,130 :: 		
L_strcpy34:
0x018A	0x0872      	MOVF       R2, 0
0x018B	0x00F1      	MOVWF      R1
0x018C	0x0AF2      	INCF       R2, 1
0x018D	0x0833      	MOVF       FARG_strcpy_from, 0
0x018E	0x00F0      	MOVWF      R0
0x018F	0x0AB3      	INCF       FARG_strcpy_from, 1
0x0190	0x0870      	MOVF       R0, 0
0x0191	0x0084      	MOVWF      FSR
0x0192	0x0800      	MOVF       INDF, 0
0x0193	0x00F0      	MOVWF      R0
0x0194	0x0871      	MOVF       R1, 0
0x0195	0x0084      	MOVWF      FSR
0x0196	0x0870      	MOVF       R0, 0
0x0197	0x0080      	MOVWF      INDF
0x0198	0x0871      	MOVF       R1, 0
0x0199	0x0084      	MOVWF      FSR
0x019A	0x0800      	MOVF       INDF, 0
0x019B	0x1903      	BTFSC      STATUS, 2
0x019C	0x299E      	GOTO       L_strcpy35
;__Lib_CString.c,131 :: 		
0x019D	0x298A      	GOTO       L_strcpy34
L_strcpy35:
;__Lib_CString.c,132 :: 		
0x019E	0x0832      	MOVF       FARG_strcpy_to, 0
0x019F	0x00F0      	MOVWF      R0
;__Lib_CString.c,133 :: 		
L_end_strcpy:
0x01A0	0x0008      	RETURN
; end of _strcpy
_ADC_Read:
;__Lib_ADC_A_C.c,45 :: 		
;__Lib_ADC_A_C.c,47 :: 		
0x01A1	0x1283      	BCF        STATUS, 5
0x01A2	0x1303      	BCF        STATUS, 6
0x01A3	0x019F      	CLRF       ADCON0
;__Lib_ADC_A_C.c,48 :: 		
0x01A4	0x30C0      	MOVLW      192
0x01A5	0x049F      	IORWF      ADCON0, 1
;__Lib_ADC_A_C.c,49 :: 		
0x01A6	0x1683      	BSF        STATUS, 5
0x01A7	0x171F      	BSF        ADCON1, 6
;__Lib_ADC_A_C.c,50 :: 		
0x01A8	0x179F      	BSF        ADCON1, 7
;__Lib_ADC_A_C.c,51 :: 		
0x01A9	0x1283      	BCF        STATUS, 5
0x01AA	0x086F      	MOVF       FARG_ADC_Read_channel, 0
0x01AB	0x00F0      	MOVWF      R0
0x01AC	0x0DF0      	RLF        R0, 1
0x01AD	0x1070      	BCF        R0, 0
0x01AE	0x0DF0      	RLF        R0, 1
0x01AF	0x1070      	BCF        R0, 0
0x01B0	0x0DF0      	RLF        R0, 1
0x01B1	0x1070      	BCF        R0, 0
0x01B2	0x0870      	MOVF       R0, 0
0x01B3	0x049F      	IORWF      ADCON0, 1
;__Lib_ADC_A_C.c,54 :: 		
0x01B4	0x141F      	BSF        ADCON0, 0
;__Lib_ADC_A_C.c,57 :: 		
0x01B5	0x202B      	CALL       _Delay_22us
;__Lib_ADC_A_C.c,60 :: 		
0x01B6	0x151F      	BSF        ADCON0, 2
;__Lib_ADC_A_C.c,63 :: 		
L_ADC_Read2:
0x01B7	0x1D1F      	BTFSS      ADCON0, 2
0x01B8	0x29BB      	GOTO       L_ADC_Read3
;__Lib_ADC_A_C.c,64 :: 		
0x01B9	0x0000      	NOP
0x01BA	0x29B7      	GOTO       L_ADC_Read2
L_ADC_Read3:
;__Lib_ADC_A_C.c,67 :: 		
0x01BB	0x101F      	BCF        ADCON0, 0
;__Lib_ADC_A_C.c,70 :: 		
0x01BC	0x081E      	MOVF       ADRESH, 0
0x01BD	0x00F1      	MOVWF      R0+1
0x01BE	0x01F0      	CLRF       R0
0x01BF	0x1683      	BSF        STATUS, 5
0x01C0	0x081E      	MOVF       ADRESL, 0
0x01C1	0x04F0      	IORWF      R0, 1
0x01C2	0x3000      	MOVLW      0
0x01C3	0x04F1      	IORWF      R0+1, 1
;__Lib_ADC_A_C.c,71 :: 		
L_end_ADC_Read:
0x01C4	0x0008      	RETURN
; end of _ADC_Read
_Div_32x32_FP:
;__Lib_MathDouble.c,761 :: 		
;__Lib_MathDouble.c,773 :: 		
;__Lib_MathDouble.c,776 :: 		
0x01C5	0x1283      	BCF        STATUS, 5
0x01C6	0x1303      	BCF        STATUS, 6
0x01C7	0x0874      	MOVF       R4, 0
0x01C8	0x3A00      	XORLW      0
0x01C9	0x1D03      	BTFSS      STATUS, 2
0x01CA	0x29E0      	GOTO       L_Div_32x32_FP7
;__Lib_MathDouble.c,777 :: 		
0x01CB	0x0875      	MOVF       R5, 0
0x01CC	0x3A00      	XORLW      0
0x01CD	0x1D03      	BTFSS      STATUS, 2
0x01CE	0x29E0      	GOTO       L_Div_32x32_FP8
;__Lib_MathDouble.c,778 :: 		
0x01CF	0x0876      	MOVF       R6, 0
0x01D0	0x3A00      	XORLW      0
0x01D1	0x1D03      	BTFSS      STATUS, 2
0x01D2	0x29E0      	GOTO       L_Div_32x32_FP9
;__Lib_MathDouble.c,779 :: 		
0x01D3	0x0877      	MOVF       R7, 0
0x01D4	0x3A00      	XORLW      0
0x01D5	0x1D03      	BTFSS      STATUS, 2
0x01D6	0x29E0      	GOTO       L_Div_32x32_FP10
;__Lib_MathDouble.c,780 :: 		
0x01D7	0x30FF      	MOVLW      255
0x01D8	0x00F0      	MOVWF      R0
;__Lib_MathDouble.c,781 :: 		
0x01D9	0x30FF      	MOVLW      255
0x01DA	0x00F1      	MOVWF      R1
;__Lib_MathDouble.c,782 :: 		
0x01DB	0x307F      	MOVLW      127
0x01DC	0x00F2      	MOVWF      R2
;__Lib_MathDouble.c,783 :: 		
0x01DD	0x30FF      	MOVLW      255
0x01DE	0x00F3      	MOVWF      R3
;__Lib_MathDouble.c,784 :: 		
0x01DF	0x2A7B      	GOTO       L_end_Div_32x32_FP
;__Lib_MathDouble.c,785 :: 		
L_Div_32x32_FP10:
L_Div_32x32_FP9:
L_Div_32x32_FP8:
L_Div_32x32_FP7:
;__Lib_MathDouble.c,788 :: 		
0x01E0	0x1283      	BCF        STATUS, 5
;__Lib_MathDouble.c,789 :: 		
0x01E1	0x1303      	BCF        STATUS, 6
;__Lib_MathDouble.c,791 :: 		
0x01E2	0x0877      	MOVF       R7, 0
;__Lib_MathDouble.c,792 :: 		
0x01E3	0x1903      	BTFSC      STATUS, 2
;__Lib_MathDouble.c,793 :: 		
0x01E4	0x2A6F      	GOTO       JPDSETFDZ32
;__Lib_MathDouble.c,795 :: 		
0x01E5	0x0873      	MOVF       R3, 0
;__Lib_MathDouble.c,796 :: 		
0x01E6	0x1903      	BTFSC      STATUS, 2
;__Lib_MathDouble.c,797 :: 		
0x01E7	0x2A72      	GOTO       JPDRES032
;__Lib_MathDouble.c,799 :: 		
0x01E8	0x0872      	MOVF       R2, 0
;__Lib_MathDouble.c,800 :: 		
0x01E9	0x0676      	XORWF      R6, 0
;__Lib_MathDouble.c,801 :: 		
0x01EA	0x3980      	ANDLW      128
;__Lib_MathDouble.c,802 :: 		
0x01EB	0x00FA      	MOVWF      R10
;__Lib_MathDouble.c,803 :: 		
0x01EC	0x17F2      	BSF        R2, 7
;__Lib_MathDouble.c,804 :: 		
0x01ED	0x17F6      	BSF        R6, 7
;__Lib_MathDouble.c,806 :: 		
0x01EE	0x01A0      	CLRF       __math_tempbD
;__Lib_MathDouble.c,807 :: 		
0x01EF	0x0872      	MOVF       R2, 0
;__Lib_MathDouble.c,808 :: 		
0x01F0	0x00F8      	MOVWF      R8
;__Lib_MathDouble.c,809 :: 		
0x01F1	0x0871      	MOVF       R1, 0
;__Lib_MathDouble.c,810 :: 		
0x01F2	0x00FC      	MOVWF      R12
;__Lib_MathDouble.c,811 :: 		
0x01F3	0x0870      	MOVF       R0, 0
;__Lib_MathDouble.c,812 :: 		
0x01F4	0x00FD      	MOVWF      R13
;__Lib_MathDouble.c,814 :: 		
0x01F5	0x0874      	MOVF       R4, 0
;__Lib_MathDouble.c,815 :: 		
0x01F6	0x02FD      	SUBWF      R13, 1
;__Lib_MathDouble.c,816 :: 		
0x01F7	0x0875      	MOVF       R5, 0
;__Lib_MathDouble.c,817 :: 		
0x01F8	0x1C03      	BTFSS      STATUS, 0
;__Lib_MathDouble.c,818 :: 		
0x01F9	0x0F75      	INCFSZ     R5, 0
;__Lib_MathDouble.c,820 :: 		
0x01FA	0x02FC      	SUBWF      R12, 1
;__Lib_MathDouble.c,821 :: 		
0x01FB	0x0876      	MOVF       R6, 0
;__Lib_MathDouble.c,822 :: 		
0x01FC	0x1C03      	BTFSS      STATUS, 0
;__Lib_MathDouble.c,823 :: 		
0x01FD	0x0F76      	INCFSZ     R6, 0
;__Lib_MathDouble.c,825 :: 		
0x01FE	0x02F8      	SUBWF      R8, 1
;__Lib_MathDouble.c,826 :: 		
0x01FF	0x01F8      	CLRF       R8
;__Lib_MathDouble.c,827 :: 		
0x0200	0x01FC      	CLRF       R12
;__Lib_MathDouble.c,828 :: 		
0x0201	0x01FD      	CLRF       R13
;__Lib_MathDouble.c,829 :: 		
0x0202	0x1C03      	BTFSS      STATUS, 0
;__Lib_MathDouble.c,830 :: 		
0x0203	0x2A0B      	GOTO       DALIGN32OK
;__Lib_MathDouble.c,832 :: 		
0x0204	0x1003      	BCF        STATUS, 0
;__Lib_MathDouble.c,833 :: 		
0x0205	0x0CF2      	RRF        R2, 1
;__Lib_MathDouble.c,834 :: 		
0x0206	0x0CF1      	RRF        R1, 1
;__Lib_MathDouble.c,835 :: 		
0x0207	0x0CF0      	RRF        R0, 1
;__Lib_MathDouble.c,836 :: 		
0x0208	0x0CF8      	RRF        R8, 1
;__Lib_MathDouble.c,837 :: 		
0x0209	0x3001      	MOVLW      1
;__Lib_MathDouble.c,838 :: 		
0x020A	0x00A0      	MOVWF      __math_tempbD
;__Lib_MathDouble.c,839 :: 		
DALIGN32OK:
;__Lib_MathDouble.c,840 :: 		
0x020B	0x0877      	MOVF       R7, 0
;__Lib_MathDouble.c,841 :: 		
0x020C	0x02F3      	SUBWF      R3, 1
;__Lib_MathDouble.c,842 :: 		
0x020D	0x1C03      	BTFSS      STATUS, 0
;__Lib_MathDouble.c,843 :: 		
0x020E	0x2A15      	GOTO       ALTB32
;__Lib_MathDouble.c,845 :: 		
0x020F	0x307E      	MOVLW      126
;__Lib_MathDouble.c,846 :: 		
0x0210	0x0720      	ADDWF      __math_tempbD, 0
;__Lib_MathDouble.c,847 :: 		
0x0211	0x07F3      	ADDWF      R3, 1
;__Lib_MathDouble.c,848 :: 		
0x0212	0x1803      	BTFSC      STATUS, 0
;__Lib_MathDouble.c,849 :: 		
0x0213	0x2A75      	GOTO       JPDSETFOV32
;__Lib_MathDouble.c,850 :: 		
0x0214	0x2A1A      	GOTO       DARGOK32
;__Lib_MathDouble.c,851 :: 		
ALTB32:
;__Lib_MathDouble.c,852 :: 		
0x0215	0x307E      	MOVLW      126
;__Lib_MathDouble.c,853 :: 		
0x0216	0x0720      	ADDWF      __math_tempbD, 0
;__Lib_MathDouble.c,854 :: 		
0x0217	0x07F3      	ADDWF      R3, 1
;__Lib_MathDouble.c,855 :: 		
0x0218	0x1C03      	BTFSS      STATUS, 0
;__Lib_MathDouble.c,856 :: 		
0x0219	0x2A78      	GOTO       JPDSETFUN32
;__Lib_MathDouble.c,857 :: 		
DARGOK32:
;__Lib_MathDouble.c,858 :: 		
0x021A	0x3018      	MOVLW      24
;__Lib_MathDouble.c,860 :: 		
0x021B	0x07FA      	ADDWF      R10, 1
;__Lib_MathDouble.c,861 :: 		
DLOOP32:
;__Lib_MathDouble.c,862 :: 		
0x021C	0x0DFD      	RLF        R13, 1
;__Lib_MathDouble.c,863 :: 		
0x021D	0x0DFC      	RLF        R12, 1
;__Lib_MathDouble.c,864 :: 		
0x021E	0x0DF8      	RLF        R8, 1
;__Lib_MathDouble.c,865 :: 		
0x021F	0x0DF0      	RLF        R0, 1
;__Lib_MathDouble.c,866 :: 		
0x0220	0x0DF1      	RLF        R1, 1
;__Lib_MathDouble.c,867 :: 		
0x0221	0x0DF2      	RLF        R2, 1
;__Lib_MathDouble.c,868 :: 		
0x0222	0x0DA0      	RLF        __math_tempbD, 1
;__Lib_MathDouble.c,870 :: 		
0x0223	0x0874      	MOVF       R4, 0
;__Lib_MathDouble.c,871 :: 		
0x0224	0x02F0      	SUBWF      R0, 1
;__Lib_MathDouble.c,872 :: 		
0x0225	0x0875      	MOVF       R5, 0
;__Lib_MathDouble.c,873 :: 		
0x0226	0x1C03      	BTFSS      STATUS, 0
;__Lib_MathDouble.c,874 :: 		
0x0227	0x0F75      	INCFSZ     R5, 0
;__Lib_MathDouble.c,876 :: 		
0x0228	0x02F1      	SUBWF      R1, 1
;__Lib_MathDouble.c,877 :: 		
0x0229	0x0876      	MOVF       R6, 0
;__Lib_MathDouble.c,878 :: 		
0x022A	0x1C03      	BTFSS      STATUS, 0
;__Lib_MathDouble.c,879 :: 		
0x022B	0x0F76      	INCFSZ     R6, 0
;__Lib_MathDouble.c,881 :: 		
0x022C	0x02F2      	SUBWF      R2, 1
;__Lib_MathDouble.c,882 :: 		
0x022D	0x0D76      	RLF        R6, 0
;__Lib_MathDouble.c,883 :: 		
0x022E	0x04A0      	IORWF      __math_tempbD, 1
;__Lib_MathDouble.c,884 :: 		
0x022F	0x1C20      	BTFSS      __math_tempbD, 0
;__Lib_MathDouble.c,885 :: 		
0x0230	0x2A33      	GOTO       DREST32
;__Lib_MathDouble.c,886 :: 		
0x0231	0x147D      	BSF        R13, 0
;__Lib_MathDouble.c,887 :: 		
0x0232	0x2A3E      	GOTO       DOK32
;__Lib_MathDouble.c,888 :: 		
DREST32:
;__Lib_MathDouble.c,889 :: 		
0x0233	0x0874      	MOVF       R4, 0
;__Lib_MathDouble.c,890 :: 		
0x0234	0x07F0      	ADDWF      R0, 1
;__Lib_MathDouble.c,891 :: 		
0x0235	0x0875      	MOVF       R5, 0
;__Lib_MathDouble.c,892 :: 		
0x0236	0x1803      	BTFSC      STATUS, 0
;__Lib_MathDouble.c,893 :: 		
0x0237	0x0F75      	INCFSZ     R5, 0
;__Lib_MathDouble.c,895 :: 		
0x0238	0x07F1      	ADDWF      R1, 1
;__Lib_MathDouble.c,896 :: 		
0x0239	0x0876      	MOVF       R6, 0
;__Lib_MathDouble.c,897 :: 		
0x023A	0x1803      	BTFSC      STATUS, 0
;__Lib_MathDouble.c,898 :: 		
0x023B	0x0A76      	INCF       R6, 0
;__Lib_MathDouble.c,899 :: 		
0x023C	0x07F2      	ADDWF      R2, 1
;__Lib_MathDouble.c,900 :: 		
0x023D	0x107D      	BCF        R13, 0
;__Lib_MathDouble.c,901 :: 		
DOK32:
;__Lib_MathDouble.c,903 :: 		
0x023E	0x03FA      	DECF       R10, 1
;__Lib_MathDouble.c,904 :: 		
0x023F	0x301F      	MOVLW      31
;__Lib_MathDouble.c,905 :: 		
0x0240	0x057A      	ANDWF      R10, 0
;__Lib_MathDouble.c,906 :: 		
0x0241	0x1D03      	BTFSS      STATUS, 2
;__Lib_MathDouble.c,907 :: 		
0x0242	0x2A1C      	GOTO       DLOOP32
;__Lib_MathDouble.c,909 :: 		
0x0243	0x1B7B      	BTFSC      R11, 6
;__Lib_MathDouble.c,910 :: 		
0x0244	0x1C7D      	BTFSS      R13, 0
;__Lib_MathDouble.c,911 :: 		
0x0245	0x2A65      	GOTO       DIV32OK
;__Lib_MathDouble.c,912 :: 		
0x0246	0x1003      	BCF        STATUS, 0
;__Lib_MathDouble.c,913 :: 		
0x0247	0x0DF0      	RLF        R0, 1
;__Lib_MathDouble.c,914 :: 		
0x0248	0x0DF1      	RLF        R1, 1
;__Lib_MathDouble.c,915 :: 		
0x0249	0x0DF2      	RLF        R2, 1
;__Lib_MathDouble.c,916 :: 		
0x024A	0x0DA0      	RLF        __math_tempbD, 1
;__Lib_MathDouble.c,918 :: 		
0x024B	0x0874      	MOVF       R4, 0
;__Lib_MathDouble.c,919 :: 		
0x024C	0x02F0      	SUBWF      R0, 1
;__Lib_MathDouble.c,920 :: 		
0x024D	0x0875      	MOVF       R5, 0
;__Lib_MathDouble.c,921 :: 		
0x024E	0x1C03      	BTFSS      STATUS, 0
;__Lib_MathDouble.c,922 :: 		
0x024F	0x0F75      	INCFSZ     R5, 0
;__Lib_MathDouble.c,923 :: 		
0x0250	0x02F1      	SUBWF      R1, 1
;__Lib_MathDouble.c,924 :: 		
0x0251	0x0876      	MOVF       R6, 0
;__Lib_MathDouble.c,925 :: 		
0x0252	0x1C03      	BTFSS      STATUS, 0
;__Lib_MathDouble.c,926 :: 		
0x0253	0x0F76      	INCFSZ     R6, 0
;__Lib_MathDouble.c,927 :: 		
0x0254	0x02F2      	SUBWF      R2, 1
;__Lib_MathDouble.c,928 :: 		
0x0255	0x0D76      	RLF        R6, 0
;__Lib_MathDouble.c,929 :: 		
0x0256	0x0420      	IORWF      __math_tempbD, 0
;__Lib_MathDouble.c,930 :: 		
0x0257	0x3901      	ANDLW      1
;__Lib_MathDouble.c,931 :: 		
0x0258	0x07FD      	ADDWF      R13, 1
;__Lib_MathDouble.c,932 :: 		
0x0259	0x1803      	BTFSC      STATUS, 0
;__Lib_MathDouble.c,933 :: 		
0x025A	0x0AFC      	INCF       R12, 1
;__Lib_MathDouble.c,934 :: 		
0x025B	0x1903      	BTFSC      STATUS, 2
;__Lib_MathDouble.c,935 :: 		
0x025C	0x0AF8      	INCF       R8, 1
;__Lib_MathDouble.c,936 :: 		
0x025D	0x1D03      	BTFSS      STATUS, 2
;__Lib_MathDouble.c,937 :: 		
0x025E	0x2A65      	GOTO       DIV32OK
;__Lib_MathDouble.c,938 :: 		
0x025F	0x0CF8      	RRF        R8, 1
;__Lib_MathDouble.c,939 :: 		
0x0260	0x0CFC      	RRF        R12, 1
;__Lib_MathDouble.c,940 :: 		
0x0261	0x0CFD      	RRF        R13, 1
;__Lib_MathDouble.c,941 :: 		
0x0262	0x0AF3      	INCF       R3, 1
;__Lib_MathDouble.c,942 :: 		
0x0263	0x1903      	BTFSC      STATUS, 2
;__Lib_MathDouble.c,943 :: 		
0x0264	0x2A75      	GOTO       JPDSETFOV32
;__Lib_MathDouble.c,944 :: 		
DIV32OK:
;__Lib_MathDouble.c,945 :: 		
0x0265	0x1FFA      	BTFSS      R10, 7
;__Lib_MathDouble.c,946 :: 		
0x0266	0x13F8      	BCF        R8, 7
;__Lib_MathDouble.c,947 :: 		
0x0267	0x0878      	MOVF       R8, 0
;__Lib_MathDouble.c,948 :: 		
0x0268	0x00F2      	MOVWF      R2
;__Lib_MathDouble.c,949 :: 		
0x0269	0x087C      	MOVF       R12, 0
;__Lib_MathDouble.c,950 :: 		
0x026A	0x00F1      	MOVWF      R1
;__Lib_MathDouble.c,951 :: 		
0x026B	0x087D      	MOVF       R13, 0
;__Lib_MathDouble.c,952 :: 		
0x026C	0x00F0      	MOVWF      R0
;__Lib_MathDouble.c,954 :: 		
0x026D	0x3000      	MOVLW      0
;__Lib_MathDouble.c,956 :: 		
0x026E	0x2A7A      	GOTO       DIV32EEE
;__Lib_MathDouble.c,957 :: 		
JPDSETFDZ32:
;__Lib_MathDouble.c,958 :: 		
0x026F	0x3001      	MOVLW      1
;__Lib_MathDouble.c,961 :: 		
0x0270	0x2033      	CALL       _SETFDZ32
;__Lib_MathDouble.c,963 :: 		
0x0271	0x2A7A      	GOTO       DIV32EEE
;__Lib_MathDouble.c,964 :: 		
JPDRES032:
;__Lib_MathDouble.c,965 :: 		
0x0272	0x3002      	MOVLW      2
;__Lib_MathDouble.c,968 :: 		
0x0273	0x2003      	CALL       _RES032
;__Lib_MathDouble.c,970 :: 		
0x0274	0x2A7A      	GOTO       DIV32EEE
;__Lib_MathDouble.c,971 :: 		
JPDSETFOV32:
;__Lib_MathDouble.c,972 :: 		
0x0275	0x3004      	MOVLW      4
;__Lib_MathDouble.c,975 :: 		
0x0276	0x2043      	CALL       _SETFOV32
;__Lib_MathDouble.c,977 :: 		
0x0277	0x2A7A      	GOTO       DIV32EEE
;__Lib_MathDouble.c,978 :: 		
JPDSETFUN32:
;__Lib_MathDouble.c,979 :: 		
0x0278	0x3008      	MOVLW      8
;__Lib_MathDouble.c,982 :: 		
0x0279	0x200A      	CALL       _SETFUN32
;__Lib_MathDouble.c,984 :: 		
DIV32EEE:
;__Lib_MathDouble.c,985 :: 		
0x027A	0x0000      	NOP
;__Lib_MathDouble.c,994 :: 		
L_end_Div_32x32_FP:
0x027B	0x0008      	RETURN
; end of _Div_32x32_FP
_ByteToStr:
;__Lib_Conversions.c,66 :: 		
;__Lib_Conversions.c,69 :: 		
0x027C	0x1283      	BCF        STATUS, 5
0x027D	0x1303      	BCF        STATUS, 6
0x027E	0x01EF      	CLRF       ByteToStr_DigitPos_L0
L_ByteToStr0:
0x027F	0x3003      	MOVLW      3
0x0280	0x026F      	SUBWF      ByteToStr_DigitPos_L0, 0
0x0281	0x1803      	BTFSC      STATUS, 0
0x0282	0x2A8C      	GOTO       L_ByteToStr1
;__Lib_Conversions.c,70 :: 		
0x0283	0x086F      	MOVF       ByteToStr_DigitPos_L0, 0
0x0284	0x1683      	BSF        STATUS, 5
0x0285	0x0733      	ADDWF      FARG_ByteToStr_output, 0
0x0286	0x0084      	MOVWF      FSR
0x0287	0x3020      	MOVLW      32
0x0288	0x0080      	MOVWF      INDF
;__Lib_Conversions.c,69 :: 		
0x0289	0x1283      	BCF        STATUS, 5
0x028A	0x0AEF      	INCF       ByteToStr_DigitPos_L0, 1
;__Lib_Conversions.c,70 :: 		
0x028B	0x2A7F      	GOTO       L_ByteToStr0
L_ByteToStr1:
;__Lib_Conversions.c,72 :: 		
0x028C	0x086F      	MOVF       ByteToStr_DigitPos_L0, 0
0x028D	0x1683      	BSF        STATUS, 5
0x028E	0x0733      	ADDWF      FARG_ByteToStr_output, 0
0x028F	0x0084      	MOVWF      FSR
0x0290	0x0180      	CLRF       INDF
0x0291	0x1283      	BCF        STATUS, 5
0x0292	0x03EF      	DECF       ByteToStr_DigitPos_L0, 1
;__Lib_Conversions.c,74 :: 		
L_ByteToStr3:
;__Lib_Conversions.c,75 :: 		
0x0293	0x086F      	MOVF       ByteToStr_DigitPos_L0, 0
0x0294	0x1683      	BSF        STATUS, 5
0x0295	0x0733      	ADDWF      FARG_ByteToStr_output, 0
0x0296	0x00B4      	MOVWF      FLOC__ByteToStr
0x0297	0x300A      	MOVLW      10
0x0298	0x00F4      	MOVWF      R4
0x0299	0x0832      	MOVF       FARG_ByteToStr_input, 0
0x029A	0x00F0      	MOVWF      R0
0x029B	0x201A      	CALL       _Div_8X8_U
0x029C	0x0878      	MOVF       R8, 0
0x029D	0x00F0      	MOVWF      R0
0x029E	0x3030      	MOVLW      48
0x029F	0x07F0      	ADDWF      R0, 1
0x02A0	0x1683      	BSF        STATUS, 5
0x02A1	0x0834      	MOVF       FLOC__ByteToStr, 0
0x02A2	0x0084      	MOVWF      FSR
0x02A3	0x0870      	MOVF       R0, 0
0x02A4	0x0080      	MOVWF      INDF
;__Lib_Conversions.c,76 :: 		
0x02A5	0x300A      	MOVLW      10
0x02A6	0x00F4      	MOVWF      R4
0x02A7	0x0832      	MOVF       FARG_ByteToStr_input, 0
0x02A8	0x00F0      	MOVWF      R0
0x02A9	0x201A      	CALL       _Div_8X8_U
0x02AA	0x0870      	MOVF       R0, 0
0x02AB	0x1683      	BSF        STATUS, 5
0x02AC	0x00B2      	MOVWF      FARG_ByteToStr_input
;__Lib_Conversions.c,77 :: 		
0x02AD	0x0870      	MOVF       R0, 0
0x02AE	0x3A00      	XORLW      0
0x02AF	0x1D03      	BTFSS      STATUS, 2
0x02B0	0x2AB2      	GOTO       L_ByteToStr5
;__Lib_Conversions.c,78 :: 		
0x02B1	0x2AB5      	GOTO       L_ByteToStr4
L_ByteToStr5:
;__Lib_Conversions.c,79 :: 		
0x02B2	0x1283      	BCF        STATUS, 5
0x02B3	0x03EF      	DECF       ByteToStr_DigitPos_L0, 1
;__Lib_Conversions.c,80 :: 		
0x02B4	0x2A93      	GOTO       L_ByteToStr3
L_ByteToStr4:
;__Lib_Conversions.c,81 :: 		
L_end_ByteToStr:
0x02B5	0x0008      	RETURN
; end of _ByteToStr
_UART1_Init:
;__Lib_UART_c67.c,2 :: 		
;__Lib_UART_c67.c,5 :: 		
0x02B6	0x1683      	BSF        STATUS, 5
0x02B7	0x1303      	BCF        STATUS, 6
0x02B8	0x1698      	BSF        TXSTA, 5
;__Lib_UART_c67.c,6 :: 		
0x02B9	0x3090      	MOVLW      144
0x02BA	0x1283      	BCF        STATUS, 5
0x02BB	0x0098      	MOVWF      RCSTA
;__Lib_UART_c67.c,7 :: 		
0x02BC	0x1683      	BSF        STATUS, 5
0x02BD	0x1787      	BSF        TRISC7_bit, BitPos(TRISC7_bit+0)
;__Lib_UART_c67.c,8 :: 		
0x02BE	0x1307      	BCF        TRISC6_bit, BitPos(TRISC6_bit+0)
;__Lib_UART_c67.c,10 :: 		
L_UART1_Init0:
0x02BF	0x1283      	BCF        STATUS, 5
0x02C0	0x1E8C      	BTFSS      PIR1, 5
0x02C1	0x2AC5      	GOTO       L_UART1_Init1
;__Lib_UART_c67.c,11 :: 		
0x02C2	0x081A      	MOVF       RCREG, 0
0x02C3	0x00F0      	MOVWF      R0
0x02C4	0x2ABF      	GOTO       L_UART1_Init0
L_UART1_Init1:
;__Lib_UART_c67.c,12 :: 		
L_end_UART1_Init:
0x02C5	0x0008      	RETURN
; end of _UART1_Init
___CC2DW:
;__Lib_System.c,134 :: 		
;__Lib_System.c,137 :: 		
_CC2D_Loop1:
;__Lib_System.c,139 :: 		
0x02C6	0x2059      	CALL       _____DoICP
0x02C7	0x118A      	BCF        PCLATH, 3
0x02C8	0x120A      	BCF        PCLATH, 4
;__Lib_System.c,141 :: 		
0x02C9	0x0080      	MOVWF      INDF
;__Lib_System.c,142 :: 		
0x02CA	0x0A84      	INCF       FSR, 1
;__Lib_System.c,143 :: 		
0x02CB	0x0AB0      	INCF       ___DoICPAddr, 1
;__Lib_System.c,145 :: 		
0x02CC	0x1903      	BTFSC      STATUS, 2
;__Lib_System.c,146 :: 		
0x02CD	0x0AB1      	INCF       ___DoICPAddr+1, 1
;__Lib_System.c,147 :: 		
0x02CE	0x03F0      	DECF       R0, 1
;__Lib_System.c,149 :: 		
0x02CF	0x1D03      	BTFSS      STATUS, 2
;__Lib_System.c,150 :: 		
0x02D0	0x2AC6      	GOTO       _CC2D_Loop1
;__Lib_System.c,152 :: 		
L_end___CC2DW:
0x02D1	0x0008      	RETURN
; end of ___CC2DW
_main:
0x02D2	0x23AC      	CALL       940
;MyProject.c,5 :: 		void main() {
;MyProject.c,9 :: 		UART1_Init(9600);               // Initialize UART module at 9600 bps
0x02D3	0x3033      	MOVLW      51
0x02D4	0x1683      	BSF        STATUS, 5
0x02D5	0x1303      	BCF        STATUS, 6
0x02D6	0x0099      	MOVWF      SPBRG
0x02D7	0x1518      	BSF        TXSTA, 2
0x02D8	0x22B6      	CALL       _UART1_Init
;MyProject.c,10 :: 		Delay_ms(100);                  // Wait for UART module to stabilize
0x02D9	0x3002      	MOVLW      2
0x02DA	0x00FB      	MOVWF      R11
0x02DB	0x3004      	MOVLW      4
0x02DC	0x00FC      	MOVWF      R12
0x02DD	0x30BA      	MOVLW      186
0x02DE	0x00FD      	MOVWF      R13
L_main0:
0x02DF	0x0BFD      	DECFSZ     R13, 1
0x02E0	0x2ADF      	GOTO       L_main0
0x02E1	0x0BFC      	DECFSZ     R12, 1
0x02E2	0x2ADF      	GOTO       L_main0
0x02E3	0x0BFB      	DECFSZ     R11, 1
0x02E4	0x2ADF      	GOTO       L_main0
0x02E5	0x0000      	NOP
;MyProject.c,11 :: 		TRISC.RC0=1;
0x02E6	0x1683      	BSF        STATUS, 5
0x02E7	0x1407      	BSF        TRISC, 0
;MyProject.c,12 :: 		TRISA.RA0  = 0x01;              // PORTA is input
0x02E8	0x1405      	BSF        TRISA, 0
;MyProject.c,13 :: 		ADCON0=0b01000001 ;//01 000 0 0 1
0x02E9	0x3041      	MOVLW      65
0x02EA	0x1283      	BCF        STATUS, 5
0x02EB	0x009F      	MOVWF      ADCON0
;MyProject.c,14 :: 		ADCON1=0b00001110;
0x02EC	0x300E      	MOVLW      14
0x02ED	0x1683      	BSF        STATUS, 5
0x02EE	0x009F      	MOVWF      ADCON1
;MyProject.c,16 :: 		do {
L_main1:
0x02EF	0x1683      	BSF        STATUS, 5
;MyProject.c,17 :: 		strcpy(txt, "{\"temperature\":");
0x02F0	0x3038      	MOVLW      _txt
0x02F1	0x00B2      	MOVWF      FARG_strcpy_to
0x02F2	0x30A0      	MOVLW      ?lstr1_MyProject
0x02F3	0x00B3      	MOVWF      FARG_strcpy_from
0x02F4	0x2186      	CALL       _strcpy
;MyProject.c,18 :: 		temp_res= ADC_Read(0)*500.0/1023.0;   // Get 10-bit results of AD conversion
0x02F5	0x1283      	BCF        STATUS, 5
0x02F6	0x01EF      	CLRF       FARG_ADC_Read_channel
0x02F7	0x21A1      	CALL       _ADC_Read
0x02F8	0x20F0      	CALL       _word2double
0x02F9	0x3000      	MOVLW      0
0x02FA	0x00F4      	MOVWF      R4
0x02FB	0x3000      	MOVLW      0
0x02FC	0x00F5      	MOVWF      R4+1
0x02FD	0x307A      	MOVLW      122
0x02FE	0x00F6      	MOVWF      R4+2
0x02FF	0x3087      	MOVLW      135
0x0300	0x00F7      	MOVWF      R4+3
0x0301	0x208F      	CALL       _Mul_32x32_FP
0x0302	0x3000      	MOVLW      0
0x0303	0x00F4      	MOVWF      R4
0x0304	0x30C0      	MOVLW      192
0x0305	0x00F5      	MOVWF      R4+1
0x0306	0x307F      	MOVLW      127
0x0307	0x00F6      	MOVWF      R4+2
0x0308	0x3088      	MOVLW      136
0x0309	0x00F7      	MOVWF      R4+3
0x030A	0x21C5      	CALL       _Div_32x32_FP
0x030B	0x2121      	CALL       _double2byte
;MyProject.c,19 :: 		ByteToStr(temp_res, temp);
0x030C	0x0870      	MOVF       R0, 0
0x030D	0x1683      	BSF        STATUS, 5
0x030E	0x00B2      	MOVWF      FARG_ByteToStr_input
0x030F	0x306A      	MOVLW      _temp
0x0310	0x00B3      	MOVWF      FARG_ByteToStr_output
0x0311	0x227C      	CALL       _ByteToStr
;MyProject.c,20 :: 		strcat(txt, temp);
0x0312	0x3038      	MOVLW      _txt
0x0313	0x1683      	BSF        STATUS, 5
0x0314	0x1303      	BCF        STATUS, 6
0x0315	0x00B2      	MOVWF      FARG_strcat_to
0x0316	0x306A      	MOVLW      _temp
0x0317	0x00B3      	MOVWF      FARG_strcat_from
0x0318	0x2164      	CALL       _strcat
;MyProject.c,21 :: 		strcat(txt,",\"button_state\":");
0x0319	0x3038      	MOVLW      _txt
0x031A	0x00B2      	MOVWF      FARG_strcat_to
0x031B	0x3021      	MOVLW      ?lstr2_MyProject
0x031C	0x00B3      	MOVWF      FARG_strcat_from
0x031D	0x2164      	CALL       _strcat
;MyProject.c,22 :: 		if(PORTC.RC0)
0x031E	0x1283      	BCF        STATUS, 5
0x031F	0x1C07      	BTFSS      PORTC, 0
0x0320	0x2B28      	GOTO       L_main4
;MyProject.c,23 :: 		strcat(txt,"1}");
0x0321	0x3038      	MOVLW      _txt
0x0322	0x1683      	BSF        STATUS, 5
0x0323	0x00B2      	MOVWF      FARG_strcat_to
0x0324	0x3032      	MOVLW      ?lstr3_MyProject
0x0325	0x00B3      	MOVWF      FARG_strcat_from
0x0326	0x2164      	CALL       _strcat
0x0327	0x2B2E      	GOTO       L_main5
L_main4:
0x0328	0x1683      	BSF        STATUS, 5
;MyProject.c,25 :: 		strcat(txt,"0}");
0x0329	0x3038      	MOVLW      _txt
0x032A	0x00B2      	MOVWF      FARG_strcat_to
0x032B	0x3035      	MOVLW      ?lstr4_MyProject
0x032C	0x00B3      	MOVWF      FARG_strcat_from
0x032D	0x2164      	CALL       _strcat
L_main5:
;MyProject.c,26 :: 		UART1_Write_text(txt);
0x032E	0x3038      	MOVLW      _txt
0x032F	0x1283      	BCF        STATUS, 5
0x0330	0x00EF      	MOVWF      FARG_UART1_Write_Text_uart_text
0x0331	0x2106      	CALL       _UART1_Write_Text
;MyProject.c,27 :: 		UART1_Write(0x0D);UART1_Write(0x0A);
0x0332	0x300D      	MOVLW      13
0x0333	0x00B5      	MOVWF      FARG_UART1_Write_data_
0x0334	0x204F      	CALL       _UART1_Write
0x0335	0x300A      	MOVLW      10
0x0336	0x1683      	BSF        STATUS, 5
0x0337	0x00B5      	MOVWF      FARG_UART1_Write_data_
0x0338	0x204F      	CALL       _UART1_Write
;MyProject.c,28 :: 		delay_ms(5000);
0x0339	0x3033      	MOVLW      51
0x033A	0x00FB      	MOVWF      R11
0x033B	0x30BB      	MOVLW      187
0x033C	0x00FC      	MOVWF      R12
0x033D	0x30DF      	MOVLW      223
0x033E	0x00FD      	MOVWF      R13
L_main6:
0x033F	0x0BFD      	DECFSZ     R13, 1
0x0340	0x2B3F      	GOTO       L_main6
0x0341	0x0BFC      	DECFSZ     R12, 1
0x0342	0x2B3F      	GOTO       L_main6
0x0343	0x0BFB      	DECFSZ     R11, 1
0x0344	0x2B3F      	GOTO       L_main6
0x0345	0x0000      	NOP
0x0346	0x0000      	NOP
;MyProject.c,30 :: 		while(1);
0x0347	0x2AEF      	GOTO       L_main1
;MyProject.c,31 :: 		}
L_end_main:
0x0348	0x2B48      	GOTO       $+0
; end of _main
0x03AC	0x3021      	MOVLW      33
0x03AD	0x0084      	MOVWF      FSR
0x03AE	0x3049      	MOVLW      73
0x03AF	0x1283      	BCF        STATUS, 5
0x03B0	0x1303      	BCF        STATUS, 6
0x03B1	0x00F0      	MOVWF      R0
0x03B2	0x304E      	MOVLW      78
0x03B3	0x1683      	BSF        STATUS, 5
0x03B4	0x00B0      	MOVWF      ___DoICPAddr
0x03B5	0x3003      	MOVLW      3
0x03B6	0x00B1      	MOVWF      177
0x03B7	0x22C6      	CALL       710
0x03B8	0x30A0      	MOVLW      160
0x03B9	0x0084      	MOVWF      FSR
0x03BA	0x3010      	MOVLW      16
0x03BB	0x1303      	BCF        STATUS, 6
0x03BC	0x00F0      	MOVWF      R0
0x03BD	0x3097      	MOVLW      151
0x03BE	0x1683      	BSF        STATUS, 5
0x03BF	0x00B0      	MOVWF      ___DoICPAddr
0x03C0	0x3003      	MOVLW      3
0x03C1	0x00B1      	MOVWF      177
0x03C2	0x22C6      	CALL       710
0x03C3	0x306A      	MOVLW      106
0x03C4	0x0084      	MOVWF      FSR
0x03C5	0x3005      	MOVLW      5
0x03C6	0x1303      	BCF        STATUS, 6
0x03C7	0x00F0      	MOVWF      R0
0x03C8	0x30A7      	MOVLW      167
0x03C9	0x1683      	BSF        STATUS, 5
0x03CA	0x00B0      	MOVWF      ___DoICPAddr
0x03CB	0x3003      	MOVLW      3
0x03CC	0x00B1      	MOVWF      177
0x03CD	0x22C6      	CALL       710
0x03CE	0x0008      	RETURN
;MyProject.c,0 :: ?ICS?lstr2_MyProject
0x034E	0x342C ;?ICS?lstr2_MyProject+0
0x034F	0x3422 ;?ICS?lstr2_MyProject+1
0x0350	0x3462 ;?ICS?lstr2_MyProject+2
0x0351	0x3475 ;?ICS?lstr2_MyProject+3
0x0352	0x3474 ;?ICS?lstr2_MyProject+4
0x0353	0x3474 ;?ICS?lstr2_MyProject+5
0x0354	0x346F ;?ICS?lstr2_MyProject+6
0x0355	0x346E ;?ICS?lstr2_MyProject+7
0x0356	0x345F ;?ICS?lstr2_MyProject+8
0x0357	0x3473 ;?ICS?lstr2_MyProject+9
0x0358	0x3474 ;?ICS?lstr2_MyProject+10
0x0359	0x3461 ;?ICS?lstr2_MyProject+11
0x035A	0x3474 ;?ICS?lstr2_MyProject+12
0x035B	0x3465 ;?ICS?lstr2_MyProject+13
0x035C	0x3422 ;?ICS?lstr2_MyProject+14
0x035D	0x343A ;?ICS?lstr2_MyProject+15
0x035E	0x3400 ;?ICS?lstr2_MyProject+16
; end of ?ICS?lstr2_MyProject
;MyProject.c,0 :: ?ICS?lstr3_MyProject
0x035F	0x3431 ;?ICS?lstr3_MyProject+0
0x0360	0x347D ;?ICS?lstr3_MyProject+1
0x0361	0x3400 ;?ICS?lstr3_MyProject+2
; end of ?ICS?lstr3_MyProject
;MyProject.c,0 :: ?ICS?lstr4_MyProject
0x0362	0x3430 ;?ICS?lstr4_MyProject+0
0x0363	0x347D ;?ICS?lstr4_MyProject+1
0x0364	0x3400 ;?ICS?lstr4_MyProject+2
; end of ?ICS?lstr4_MyProject
;MyProject.c,0 :: ?ICS_txt
0x0365	0x3400 ;?ICS_txt+0
0x0366	0x3400 ;?ICS_txt+1
0x0367	0x3400 ;?ICS_txt+2
0x0368	0x3400 ;?ICS_txt+3
0x0369	0x3400 ;?ICS_txt+4
0x036A	0x3400 ;?ICS_txt+5
0x036B	0x3400 ;?ICS_txt+6
0x036C	0x3400 ;?ICS_txt+7
0x036D	0x3400 ;?ICS_txt+8
0x036E	0x3400 ;?ICS_txt+9
0x036F	0x3400 ;?ICS_txt+10
0x0370	0x3400 ;?ICS_txt+11
0x0371	0x3400 ;?ICS_txt+12
0x0372	0x3400 ;?ICS_txt+13
0x0373	0x3400 ;?ICS_txt+14
0x0374	0x3400 ;?ICS_txt+15
0x0375	0x3400 ;?ICS_txt+16
0x0376	0x3400 ;?ICS_txt+17
0x0377	0x3400 ;?ICS_txt+18
0x0378	0x3400 ;?ICS_txt+19
0x0379	0x3400 ;?ICS_txt+20
0x037A	0x3400 ;?ICS_txt+21
0x037B	0x3400 ;?ICS_txt+22
0x037C	0x3400 ;?ICS_txt+23
0x037D	0x3400 ;?ICS_txt+24
0x037E	0x3400 ;?ICS_txt+25
0x037F	0x3400 ;?ICS_txt+26
0x0380	0x3400 ;?ICS_txt+27
0x0381	0x3400 ;?ICS_txt+28
0x0382	0x3400 ;?ICS_txt+29
0x0383	0x3400 ;?ICS_txt+30
0x0384	0x3400 ;?ICS_txt+31
0x0385	0x3400 ;?ICS_txt+32
0x0386	0x3400 ;?ICS_txt+33
0x0387	0x3400 ;?ICS_txt+34
0x0388	0x3400 ;?ICS_txt+35
0x0389	0x3400 ;?ICS_txt+36
0x038A	0x3400 ;?ICS_txt+37
0x038B	0x3400 ;?ICS_txt+38
0x038C	0x3400 ;?ICS_txt+39
0x038D	0x3400 ;?ICS_txt+40
0x038E	0x3400 ;?ICS_txt+41
0x038F	0x3400 ;?ICS_txt+42
0x0390	0x3400 ;?ICS_txt+43
0x0391	0x3400 ;?ICS_txt+44
0x0392	0x3400 ;?ICS_txt+45
0x0393	0x3400 ;?ICS_txt+46
0x0394	0x3400 ;?ICS_txt+47
0x0395	0x3400 ;?ICS_txt+48
0x0396	0x3400 ;?ICS_txt+49
; end of ?ICS_txt
;MyProject.c,0 :: ?ICS?lstr1_MyProject
0x0397	0x347B ;?ICS?lstr1_MyProject+0
0x0398	0x3422 ;?ICS?lstr1_MyProject+1
0x0399	0x3474 ;?ICS?lstr1_MyProject+2
0x039A	0x3465 ;?ICS?lstr1_MyProject+3
0x039B	0x346D ;?ICS?lstr1_MyProject+4
0x039C	0x3470 ;?ICS?lstr1_MyProject+5
0x039D	0x3465 ;?ICS?lstr1_MyProject+6
0x039E	0x3472 ;?ICS?lstr1_MyProject+7
0x039F	0x3461 ;?ICS?lstr1_MyProject+8
0x03A0	0x3474 ;?ICS?lstr1_MyProject+9
0x03A1	0x3475 ;?ICS?lstr1_MyProject+10
0x03A2	0x3472 ;?ICS?lstr1_MyProject+11
0x03A3	0x3465 ;?ICS?lstr1_MyProject+12
0x03A4	0x3422 ;?ICS?lstr1_MyProject+13
0x03A5	0x343A ;?ICS?lstr1_MyProject+14
0x03A6	0x3400 ;?ICS?lstr1_MyProject+15
; end of ?ICS?lstr1_MyProject
;MyProject.c,0 :: ?ICS_temp
0x03A7	0x3400 ;?ICS_temp+0
0x03A8	0x3400 ;?ICS_temp+1
0x03A9	0x3400 ;?ICS_temp+2
0x03AA	0x3400 ;?ICS_temp+3
0x03AB	0x3400 ;?ICS_temp+4
; end of ?ICS_temp
Symbol List:
//** Routines locations **
//ADDRESS    SIZE    PROCEDURE
//----------------------------------------------
0x0003       [7]    _RES032
0x000A      [12]    _SETFUN32
0x0016       [4]    _FIXSIGN32
0x001A      [17]    _Div_8X8_U
0x002B       [8]    _Delay_22us
0x0033       [3]    _SETFDZ32
0x0036      [13]    _SETIOV3224
0x0043      [12]    _SETFOV32
0x004F      [10]    _UART1_Write
0x0059       [7]    _____DoICP
0x0060      [47]    _NRM3232
0x008F      [97]    _Mul_32x32_FP
0x00F0      [22]    _word2double
0x0106      [27]    _UART1_Write_Text
0x0121      [67]    _double2byte
0x0164      [34]    _strcat
0x0186      [27]    _strcpy
0x01A1      [36]    _ADC_Read
0x01C5     [183]    _Div_32x32_FP
0x027C      [58]    _ByteToStr
0x02B6      [16]    _UART1_Init
0x02C6      [12]    ___CC2DW
0x02D2     [118]    _main
//** Variables locations ** 
//ADDRESS    SIZE    VARIABLE
//----------------------------------------------
0x0000       [1]    INDF
0x0002       [1]    PCL
0x0003       [1]    STATUS
0x0004       [1]    FSR
0x0007       [1]    PORTC
0x000A       [1]    PCLATH
0x000C       [1]    PIR1
0x0018       [1]    RCSTA
0x0019       [1]    TXREG
0x001A       [1]    RCREG
0x001E       [1]    ADRESH
0x001F       [1]    ADCON0
0x0020       [1]    __math_tempbD
0x0021      [17]    ?lstr2_MyProject
0x0032       [3]    ?lstr3_MyProject
0x0035       [3]    ?lstr4_MyProject
0x0038      [50]    _txt
0x006A       [5]    _temp
0x006F       [1]    FARG_ADC_Read_channel
0x006F       [1]    ByteToStr_DigitPos_L0
0x006F       [1]    FARG_UART1_Write_Text_uart_text
0x0070       [1]    R0
0x0071       [1]    R1
0x0072       [1]    R2
0x0073       [1]    R3
0x0074       [1]    R4
0x0075       [1]    R5
0x0076       [1]    R6
0x0077       [1]    R7
0x0078       [1]    R8
0x0079       [1]    R9
0x007A       [1]    R10
0x007B       [1]    R11
0x007C       [1]    R12
0x007D       [1]    R13
0x007E       [1]    R14
0x007F       [1]    R15
0x0085       [1]    TRISA
0x0087       [1]    TRISC
0x0087       [0]    TRISC7_bit
0x0087       [0]    TRISC6_bit
0x0098       [1]    TXSTA
0x0099       [1]    SPBRG
0x009E       [1]    ADRESL
0x009F       [1]    ADCON1
0x00A0      [16]    ?lstr1_MyProject
0x00B0       [2]    ___DoICPAddr
0x00B2       [1]    FARG_strcat_to
0x00B2       [1]    UART1_Write_Text_data__L0
0x00B2       [1]    FARG_strcpy_to
0x00B2       [1]    FARG_ByteToStr_input
0x00B3       [1]    FARG_ByteToStr_output
0x00B3       [1]    FARG_strcpy_from
0x00B3       [1]    FARG_strcat_from
0x00B3       [1]    UART1_Write_Text_counter_L0
0x00B4       [1]    FLOC__ByteToStr
0x00B5       [1]    FARG_UART1_Write_data_
//** Constants locations ** 
//ADDRESS    SIZE    CONSTANT
//----------------------------------------------
0x034E      [17]    ?ICS?lstr2_MyProject
0x035F       [3]    ?ICS?lstr3_MyProject
0x0362       [3]    ?ICS?lstr4_MyProject
0x0365      [50]    ?ICS_txt
0x0397      [16]    ?ICS?lstr1_MyProject
0x03A7       [5]    ?ICS_temp
